<?xml version="1.0" encoding="UTF-8"?>
<!-- Generated by org.testng.reporters.JUnitXMLReporter -->
<testsuite ignored="0" hostname="DESKTOP-S76SA9N" failures="0" tests="12" name="Default test" time="48.071" errors="0" timestamp="2022-06-14T21:14:34 ICT">
  <testcase classname="com.nexsoft.backend.UserBiodataTest" name="login" time="2.266"/>
  <testcase classname="com.nexsoft.backend.UserBiodataTest" name="gotoCRUDBuilder" time="1.418"/>
  <testcase classname="com.nexsoft.backend.UserBiodataTest" name="inputDataTest" time="2.792"/>
  <testcase classname="com.nexsoft.backend.UserBiodataTest" name="inputDataTest" time="3.196"/>
  <testcase classname="com.nexsoft.backend.UserBiodataTest" name="inputDataTest" time="2.961"/>
  <testcase classname="com.nexsoft.backend.UserBiodataTest" name="inputDataTest" time="3.062"/>
  <testcase classname="com.nexsoft.backend.UserBiodataTest" name="inputDataTest" time="3.071"/>
  <testcase classname="com.nexsoft.backend.UserBiodataTest" name="inputDataTest" time="2.975"/>
  <testcase classname="com.nexsoft.backend.UserBiodataTest" name="inputDataTest" time="2.978"/>
  <testcase classname="com.nexsoft.backend.UserBiodataTest" name="inputDataTest" time="2.948"/>
  <testcase classname="com.nexsoft.backend.UserBiodataTest" name="inputDataTest" time="3.01"/>
  <testcase classname="com.nexsoft.backend.UserBiodataTest" name="resetTable" time="6.878"/>
</testsuite> <!-- Default test -->
