<?xml version="1.0" encoding="UTF-8"?>
<!-- Generated by org.testng.reporters.JUnitXMLReporter -->
<testsuite ignored="0" hostname="DESKTOP-S76SA9N" failures="0" tests="12" name="Default test" time="45.068" errors="0" timestamp="2022-06-14T20:24:34 ICT">
  <testcase classname="com.nexsoft.backend.UserBiodataTest" name="login" time="2.493"/>
  <testcase classname="com.nexsoft.backend.UserBiodataTest" name="gotoCRUDBuilder" time="1.39"/>
  <testcase classname="com.nexsoft.backend.UserBiodataTest" name="inputDataTest" time="2.582"/>
  <testcase classname="com.nexsoft.backend.UserBiodataTest" name="inputDataTest" time="2.677"/>
  <testcase classname="com.nexsoft.backend.UserBiodataTest" name="inputDataTest" time="2.556"/>
  <testcase classname="com.nexsoft.backend.UserBiodataTest" name="inputDataTest" time="2.779"/>
  <testcase classname="com.nexsoft.backend.UserBiodataTest" name="inputDataTest" time="2.739"/>
  <testcase classname="com.nexsoft.backend.UserBiodataTest" name="inputDataTest" time="2.782"/>
  <testcase classname="com.nexsoft.backend.UserBiodataTest" name="inputDataTest" time="2.781"/>
  <testcase classname="com.nexsoft.backend.UserBiodataTest" name="inputDataTest" time="3.026"/>
  <testcase classname="com.nexsoft.backend.UserBiodataTest" name="inputDataTest" time="2.964"/>
  <testcase classname="com.nexsoft.backend.UserBiodataTest" name="resetTable" time="5.667"/>
</testsuite> <!-- Default test -->
