<?xml version="1.0" encoding="UTF-8"?>
<testng-results ignored="0" total="12" passed="12" failed="0" skipped="0">
  <reporter-output>
    <line>
      <![CDATA[<img src='file://D:\Project\Java\TestNG\UserBiodata\src\test\resources\ss\20220614_213623.PNG'height="200" width="400"/>]]>
    </line>
  </reporter-output>
  <suite started-at="2022-06-14T21:35:48 ICT" name="Default suite" finished-at="2022-06-14T21:36:36 ICT" duration-ms="48426">
    <groups>
    </groups>
    <test started-at="2022-06-14T21:35:48 ICT" name="Default test" finished-at="2022-06-14T21:36:36 ICT" duration-ms="48426">
      <class name="com.nexsoft.backend.UserBiodataTest">
        <test-method is-config="true" signature="init()[pri:0, instance:com.nexsoft.backend.UserBiodataTest@25641d39]" started-at="2022-06-14T21:35:48 ICT" name="init" finished-at="2022-06-14T21:35:51 ICT" duration-ms="3379" status="PASS">
          <reporter-output>
          </reporter-output>
        </test-method> <!-- init -->
        <test-method signature="login()[pri:1, instance:com.nexsoft.backend.UserBiodataTest@25641d39]" started-at="2022-06-14T21:35:51 ICT" name="login" finished-at="2022-06-14T21:35:53 ICT" duration-ms="2171" status="PASS">
          <reporter-output>
          </reporter-output>
        </test-method> <!-- login -->
        <test-method signature="gotoCRUDBuilder()[pri:2, instance:com.nexsoft.backend.UserBiodataTest@25641d39]" started-at="2022-06-14T21:35:53 ICT" name="gotoCRUDBuilder" finished-at="2022-06-14T21:35:55 ICT" duration-ms="1408" status="PASS">
          <reporter-output>
          </reporter-output>
        </test-method> <!-- gotoCRUDBuilder -->
        <test-method signature="inputDataTest(java.lang.String,java.lang.String,java.lang.String,java.lang.String)[pri:3, instance:com.nexsoft.backend.UserBiodataTest@25641d39]" started-at="2022-06-14T21:35:55 ICT" name="inputDataTest" data-provider="getUserBiodata" finished-at="2022-06-14T21:35:58 ICT" duration-ms="2872" status="PASS">
          <params>
            <param index="0">
              <value>
                <![CDATA[Britni]]>
              </value>
            </param>
            <param index="1">
              <value>
                <![CDATA[Warland]]>
              </value>
            </param>
            <param index="2">
              <value>
                <![CDATA[bwarland0@over-blog.com]]>
              </value>
            </param>
            <param index="3">
              <value>
                <![CDATA[Female]]>
              </value>
            </param>
          </params>
          <reporter-output>
          </reporter-output>
        </test-method> <!-- inputDataTest -->
        <test-method signature="inputDataTest(java.lang.String,java.lang.String,java.lang.String,java.lang.String)[pri:3, instance:com.nexsoft.backend.UserBiodataTest@25641d39]" started-at="2022-06-14T21:35:58 ICT" name="inputDataTest" data-provider="getUserBiodata" finished-at="2022-06-14T21:36:00 ICT" duration-ms="2810" status="PASS">
          <params>
            <param index="0">
              <value>
                <![CDATA[Ravid]]>
              </value>
            </param>
            <param index="1">
              <value>
                <![CDATA[Spinnace]]>
              </value>
            </param>
            <param index="2">
              <value>
                <![CDATA[rspinnace1@umich.edu]]>
              </value>
            </param>
            <param index="3">
              <value>
                <![CDATA[Male]]>
              </value>
            </param>
          </params>
          <reporter-output>
          </reporter-output>
        </test-method> <!-- inputDataTest -->
        <test-method signature="inputDataTest(java.lang.String,java.lang.String,java.lang.String,java.lang.String)[pri:3, instance:com.nexsoft.backend.UserBiodataTest@25641d39]" started-at="2022-06-14T21:36:00 ICT" name="inputDataTest" data-provider="getUserBiodata" finished-at="2022-06-14T21:36:04 ICT" duration-ms="3384" status="PASS">
          <params>
            <param index="0">
              <value>
                <![CDATA[Hymie]]>
              </value>
            </param>
            <param index="1">
              <value>
                <![CDATA[Tetsall]]>
              </value>
            </param>
            <param index="2">
              <value>
                <![CDATA[htetsall2@hhs.gov]]>
              </value>
            </param>
            <param index="3">
              <value>
                <![CDATA[Male]]>
              </value>
            </param>
          </params>
          <reporter-output>
          </reporter-output>
        </test-method> <!-- inputDataTest -->
        <test-method signature="inputDataTest(java.lang.String,java.lang.String,java.lang.String,java.lang.String)[pri:3, instance:com.nexsoft.backend.UserBiodataTest@25641d39]" started-at="2022-06-14T21:36:04 ICT" name="inputDataTest" data-provider="getUserBiodata" finished-at="2022-06-14T21:36:07 ICT" duration-ms="3064" status="PASS">
          <params>
            <param index="0">
              <value>
                <![CDATA[Ellsworth]]>
              </value>
            </param>
            <param index="1">
              <value>
                <![CDATA[O'Hickee]]>
              </value>
            </param>
            <param index="2">
              <value>
                <![CDATA[eohickee3@blogtalkradio.com]]>
              </value>
            </param>
            <param index="3">
              <value>
                <![CDATA[Male]]>
              </value>
            </param>
          </params>
          <reporter-output>
          </reporter-output>
        </test-method> <!-- inputDataTest -->
        <test-method signature="inputDataTest(java.lang.String,java.lang.String,java.lang.String,java.lang.String)[pri:3, instance:com.nexsoft.backend.UserBiodataTest@25641d39]" started-at="2022-06-14T21:36:07 ICT" name="inputDataTest" data-provider="getUserBiodata" finished-at="2022-06-14T21:36:10 ICT" duration-ms="3143" status="PASS">
          <params>
            <param index="0">
              <value>
                <![CDATA[Godfry]]>
              </value>
            </param>
            <param index="1">
              <value>
                <![CDATA[Sasser]]>
              </value>
            </param>
            <param index="2">
              <value>
                <![CDATA[gsasser4@moonfruit.com]]>
              </value>
            </param>
            <param index="3">
              <value>
                <![CDATA[Male]]>
              </value>
            </param>
          </params>
          <reporter-output>
          </reporter-output>
        </test-method> <!-- inputDataTest -->
        <test-method signature="inputDataTest(java.lang.String,java.lang.String,java.lang.String,java.lang.String)[pri:3, instance:com.nexsoft.backend.UserBiodataTest@25641d39]" started-at="2022-06-14T21:36:10 ICT" name="inputDataTest" data-provider="getUserBiodata" finished-at="2022-06-14T21:36:13 ICT" duration-ms="2933" status="PASS">
          <params>
            <param index="0">
              <value>
                <![CDATA[Lind]]>
              </value>
            </param>
            <param index="1">
              <value>
                <![CDATA[Tuff]]>
              </value>
            </param>
            <param index="2">
              <value>
                <![CDATA[ltuff5@cdc.gov]]>
              </value>
            </param>
            <param index="3">
              <value>
                <![CDATA[Female]]>
              </value>
            </param>
          </params>
          <reporter-output>
          </reporter-output>
        </test-method> <!-- inputDataTest -->
        <test-method signature="inputDataTest(java.lang.String,java.lang.String,java.lang.String,java.lang.String)[pri:3, instance:com.nexsoft.backend.UserBiodataTest@25641d39]" started-at="2022-06-14T21:36:13 ICT" name="inputDataTest" data-provider="getUserBiodata" finished-at="2022-06-14T21:36:16 ICT" duration-ms="3006" status="PASS">
          <params>
            <param index="0">
              <value>
                <![CDATA[Agosto]]>
              </value>
            </param>
            <param index="1">
              <value>
                <![CDATA[Cooke]]>
              </value>
            </param>
            <param index="2">
              <value>
                <![CDATA[acooke6@weibo.com]]>
              </value>
            </param>
            <param index="3">
              <value>
                <![CDATA[Male]]>
              </value>
            </param>
          </params>
          <reporter-output>
          </reporter-output>
        </test-method> <!-- inputDataTest -->
        <test-method signature="inputDataTest(java.lang.String,java.lang.String,java.lang.String,java.lang.String)[pri:3, instance:com.nexsoft.backend.UserBiodataTest@25641d39]" started-at="2022-06-14T21:36:16 ICT" name="inputDataTest" data-provider="getUserBiodata" finished-at="2022-06-14T21:36:19 ICT" duration-ms="3006" status="PASS">
          <params>
            <param index="0">
              <value>
                <![CDATA[Mose]]>
              </value>
            </param>
            <param index="1">
              <value>
                <![CDATA[Speere]]>
              </value>
            </param>
            <param index="2">
              <value>
                <![CDATA[mspeere7@mapquest.com]]>
              </value>
            </param>
            <param index="3">
              <value>
                <![CDATA[Male]]>
              </value>
            </param>
          </params>
          <reporter-output>
          </reporter-output>
        </test-method> <!-- inputDataTest -->
        <test-method signature="inputDataTest(java.lang.String,java.lang.String,java.lang.String,java.lang.String)[pri:3, instance:com.nexsoft.backend.UserBiodataTest@25641d39]" started-at="2022-06-14T21:36:19 ICT" name="inputDataTest" data-provider="getUserBiodata" finished-at="2022-06-14T21:36:22 ICT" duration-ms="3027" status="PASS">
          <params>
            <param index="0">
              <value>
                <![CDATA[Cozmo]]>
              </value>
            </param>
            <param index="1">
              <value>
                <![CDATA[Brant]]>
              </value>
            </param>
            <param index="2">
              <value>
                <![CDATA[cbrant8@washingtonpost.com]]>
              </value>
            </param>
            <param index="3">
              <value>
                <![CDATA[Male]]>
              </value>
            </param>
          </params>
          <reporter-output>
          </reporter-output>
        </test-method> <!-- inputDataTest -->
        <test-method signature="resetTable()[pri:4, instance:com.nexsoft.backend.UserBiodataTest@25641d39]" started-at="2022-06-14T21:36:22 ICT" name="resetTable" finished-at="2022-06-14T21:36:29 ICT" duration-ms="6892" status="PASS">
          <reporter-output>
            <line>
              <![CDATA[<img src='file://D:\Project\Java\TestNG\UserBiodata\src\test\resources\ss\20220614_213623.PNG'height="200" width="400"/>]]>
            </line>
          </reporter-output>
        </test-method> <!-- resetTable -->
        <test-method is-config="true" signature="logoutAndCloseConn()[pri:0, instance:com.nexsoft.backend.UserBiodataTest@25641d39]" started-at="2022-06-14T21:36:29 ICT" name="logoutAndCloseConn" finished-at="2022-06-14T21:36:36 ICT" duration-ms="7210" status="PASS">
          <reporter-output>
          </reporter-output>
        </test-method> <!-- logoutAndCloseConn -->
      </class> <!-- com.nexsoft.backend.UserBiodataTest -->
    </test> <!-- Default test -->
  </suite> <!-- Default suite -->
</testng-results>
