<?xml version="1.0" encoding="UTF-8"?>
<testng-results ignored="0" total="12" passed="12" failed="0" skipped="0">
  <reporter-output>
  </reporter-output>
  <suite started-at="2022-06-14T20:23:49 ICT" name="Default suite" finished-at="2022-06-14T20:24:34 ICT" duration-ms="45068">
    <groups>
    </groups>
    <test started-at="2022-06-14T20:23:49 ICT" name="Default test" finished-at="2022-06-14T20:24:34 ICT" duration-ms="45068">
      <class name="com.nexsoft.backend.UserBiodataTest">
        <test-method is-config="true" signature="init()[pri:0, instance:com.nexsoft.backend.UserBiodataTest@25641d39]" started-at="2022-06-14T20:23:49 ICT" name="init" finished-at="2022-06-14T20:23:52 ICT" duration-ms="3580" status="PASS">
          <reporter-output>
          </reporter-output>
        </test-method> <!-- init -->
        <test-method signature="login()[pri:1, instance:com.nexsoft.backend.UserBiodataTest@25641d39]" started-at="2022-06-14T20:23:52 ICT" name="login" finished-at="2022-06-14T20:23:55 ICT" duration-ms="2493" status="PASS">
          <reporter-output>
          </reporter-output>
        </test-method> <!-- login -->
        <test-method signature="gotoCRUDBuilder()[pri:2, instance:com.nexsoft.backend.UserBiodataTest@25641d39]" started-at="2022-06-14T20:23:55 ICT" name="gotoCRUDBuilder" finished-at="2022-06-14T20:23:56 ICT" duration-ms="1390" status="PASS">
          <reporter-output>
          </reporter-output>
        </test-method> <!-- gotoCRUDBuilder -->
        <test-method signature="inputDataTest(java.lang.String,java.lang.String,java.lang.String,java.lang.String)[pri:3, instance:com.nexsoft.backend.UserBiodataTest@25641d39]" started-at="2022-06-14T20:23:56 ICT" name="inputDataTest" data-provider="getUserBiodata" finished-at="2022-06-14T20:23:59 ICT" duration-ms="2582" status="PASS">
          <params>
            <param index="0">
              <value>
                <![CDATA[Britni]]>
              </value>
            </param>
            <param index="1">
              <value>
                <![CDATA[Warland]]>
              </value>
            </param>
            <param index="2">
              <value>
                <![CDATA[bwarland0@over-blog.com]]>
              </value>
            </param>
            <param index="3">
              <value>
                <![CDATA[Female]]>
              </value>
            </param>
          </params>
          <reporter-output>
          </reporter-output>
        </test-method> <!-- inputDataTest -->
        <test-method signature="inputDataTest(java.lang.String,java.lang.String,java.lang.String,java.lang.String)[pri:3, instance:com.nexsoft.backend.UserBiodataTest@25641d39]" started-at="2022-06-14T20:23:59 ICT" name="inputDataTest" data-provider="getUserBiodata" finished-at="2022-06-14T20:24:02 ICT" duration-ms="2677" status="PASS">
          <params>
            <param index="0">
              <value>
                <![CDATA[Ravid]]>
              </value>
            </param>
            <param index="1">
              <value>
                <![CDATA[Spinnace]]>
              </value>
            </param>
            <param index="2">
              <value>
                <![CDATA[rspinnace1@umich.edu]]>
              </value>
            </param>
            <param index="3">
              <value>
                <![CDATA[Male]]>
              </value>
            </param>
          </params>
          <reporter-output>
          </reporter-output>
        </test-method> <!-- inputDataTest -->
        <test-method signature="inputDataTest(java.lang.String,java.lang.String,java.lang.String,java.lang.String)[pri:3, instance:com.nexsoft.backend.UserBiodataTest@25641d39]" started-at="2022-06-14T20:24:02 ICT" name="inputDataTest" data-provider="getUserBiodata" finished-at="2022-06-14T20:24:04 ICT" duration-ms="2556" status="PASS">
          <params>
            <param index="0">
              <value>
                <![CDATA[Hymie]]>
              </value>
            </param>
            <param index="1">
              <value>
                <![CDATA[Tetsall]]>
              </value>
            </param>
            <param index="2">
              <value>
                <![CDATA[htetsall2@hhs.gov]]>
              </value>
            </param>
            <param index="3">
              <value>
                <![CDATA[Male]]>
              </value>
            </param>
          </params>
          <reporter-output>
          </reporter-output>
        </test-method> <!-- inputDataTest -->
        <test-method signature="inputDataTest(java.lang.String,java.lang.String,java.lang.String,java.lang.String)[pri:3, instance:com.nexsoft.backend.UserBiodataTest@25641d39]" started-at="2022-06-14T20:24:04 ICT" name="inputDataTest" data-provider="getUserBiodata" finished-at="2022-06-14T20:24:07 ICT" duration-ms="2779" status="PASS">
          <params>
            <param index="0">
              <value>
                <![CDATA[Ellsworth]]>
              </value>
            </param>
            <param index="1">
              <value>
                <![CDATA[O'Hickee]]>
              </value>
            </param>
            <param index="2">
              <value>
                <![CDATA[eohickee3@blogtalkradio.com]]>
              </value>
            </param>
            <param index="3">
              <value>
                <![CDATA[Male]]>
              </value>
            </param>
          </params>
          <reporter-output>
          </reporter-output>
        </test-method> <!-- inputDataTest -->
        <test-method signature="inputDataTest(java.lang.String,java.lang.String,java.lang.String,java.lang.String)[pri:3, instance:com.nexsoft.backend.UserBiodataTest@25641d39]" started-at="2022-06-14T20:24:07 ICT" name="inputDataTest" data-provider="getUserBiodata" finished-at="2022-06-14T20:24:10 ICT" duration-ms="2739" status="PASS">
          <params>
            <param index="0">
              <value>
                <![CDATA[Godfry]]>
              </value>
            </param>
            <param index="1">
              <value>
                <![CDATA[Sasser]]>
              </value>
            </param>
            <param index="2">
              <value>
                <![CDATA[gsasser4@moonfruit.com]]>
              </value>
            </param>
            <param index="3">
              <value>
                <![CDATA[Male]]>
              </value>
            </param>
          </params>
          <reporter-output>
          </reporter-output>
        </test-method> <!-- inputDataTest -->
        <test-method signature="inputDataTest(java.lang.String,java.lang.String,java.lang.String,java.lang.String)[pri:3, instance:com.nexsoft.backend.UserBiodataTest@25641d39]" started-at="2022-06-14T20:24:10 ICT" name="inputDataTest" data-provider="getUserBiodata" finished-at="2022-06-14T20:24:12 ICT" duration-ms="2782" status="PASS">
          <params>
            <param index="0">
              <value>
                <![CDATA[Lind]]>
              </value>
            </param>
            <param index="1">
              <value>
                <![CDATA[Tuff]]>
              </value>
            </param>
            <param index="2">
              <value>
                <![CDATA[ltuff5@cdc.gov]]>
              </value>
            </param>
            <param index="3">
              <value>
                <![CDATA[Female]]>
              </value>
            </param>
          </params>
          <reporter-output>
          </reporter-output>
        </test-method> <!-- inputDataTest -->
        <test-method signature="inputDataTest(java.lang.String,java.lang.String,java.lang.String,java.lang.String)[pri:3, instance:com.nexsoft.backend.UserBiodataTest@25641d39]" started-at="2022-06-14T20:24:12 ICT" name="inputDataTest" data-provider="getUserBiodata" finished-at="2022-06-14T20:24:15 ICT" duration-ms="2781" status="PASS">
          <params>
            <param index="0">
              <value>
                <![CDATA[Agosto]]>
              </value>
            </param>
            <param index="1">
              <value>
                <![CDATA[Cooke]]>
              </value>
            </param>
            <param index="2">
              <value>
                <![CDATA[acooke6@weibo.com]]>
              </value>
            </param>
            <param index="3">
              <value>
                <![CDATA[Male]]>
              </value>
            </param>
          </params>
          <reporter-output>
          </reporter-output>
        </test-method> <!-- inputDataTest -->
        <test-method signature="inputDataTest(java.lang.String,java.lang.String,java.lang.String,java.lang.String)[pri:3, instance:com.nexsoft.backend.UserBiodataTest@25641d39]" started-at="2022-06-14T20:24:15 ICT" name="inputDataTest" data-provider="getUserBiodata" finished-at="2022-06-14T20:24:18 ICT" duration-ms="3026" status="PASS">
          <params>
            <param index="0">
              <value>
                <![CDATA[Mose]]>
              </value>
            </param>
            <param index="1">
              <value>
                <![CDATA[Speere]]>
              </value>
            </param>
            <param index="2">
              <value>
                <![CDATA[mspeere7@mapquest.com]]>
              </value>
            </param>
            <param index="3">
              <value>
                <![CDATA[Male]]>
              </value>
            </param>
          </params>
          <reporter-output>
          </reporter-output>
        </test-method> <!-- inputDataTest -->
        <test-method signature="inputDataTest(java.lang.String,java.lang.String,java.lang.String,java.lang.String)[pri:3, instance:com.nexsoft.backend.UserBiodataTest@25641d39]" started-at="2022-06-14T20:24:18 ICT" name="inputDataTest" data-provider="getUserBiodata" finished-at="2022-06-14T20:24:21 ICT" duration-ms="2964" status="PASS">
          <params>
            <param index="0">
              <value>
                <![CDATA[Cozmo]]>
              </value>
            </param>
            <param index="1">
              <value>
                <![CDATA[Brant]]>
              </value>
            </param>
            <param index="2">
              <value>
                <![CDATA[cbrant8@washingtonpost.com]]>
              </value>
            </param>
            <param index="3">
              <value>
                <![CDATA[Male]]>
              </value>
            </param>
          </params>
          <reporter-output>
          </reporter-output>
        </test-method> <!-- inputDataTest -->
        <test-method signature="resetTable()[pri:4, instance:com.nexsoft.backend.UserBiodataTest@25641d39]" started-at="2022-06-14T20:24:21 ICT" name="resetTable" finished-at="2022-06-14T20:24:27 ICT" duration-ms="5667" status="PASS">
          <reporter-output>
          </reporter-output>
        </test-method> <!-- resetTable -->
        <test-method is-config="true" signature="logoutAndCloseConn()[pri:0, instance:com.nexsoft.backend.UserBiodataTest@25641d39]" started-at="2022-06-14T20:24:27 ICT" name="logoutAndCloseConn" finished-at="2022-06-14T20:24:34 ICT" duration-ms="6945" status="PASS">
          <reporter-output>
          </reporter-output>
        </test-method> <!-- logoutAndCloseConn -->
      </class> <!-- com.nexsoft.backend.UserBiodataTest -->
    </test> <!-- Default test -->
  </suite> <!-- Default suite -->
</testng-results>
